2026-06-03T18:44:39 | INFO     | ============================================================
2026-06-03T18:44:39 | INFO     | MLOps Batch Pipeline — job started
2026-06-03T18:44:39 | INFO     |   input   : data.csv
2026-06-03T18:44:39 | INFO     |   config  : config.yaml
2026-06-03T18:44:39 | INFO     |   output  : metrics.json
2026-06-03T18:44:39 | INFO     |   log     : run.log
2026-06-03T18:44:39 | INFO     | ============================================================
2026-06-03T18:44:39 | INFO     | Loading and validating configuration ...
2026-06-03T18:44:39 | INFO     | Config validated — version=v1, seed=42, window=5
2026-06-03T18:44:39 | INFO     | Random seed set to 42
2026-06-03T18:44:39 | INFO     | Loading dataset from 'data.csv' ...
2026-06-03T18:44:39 | INFO     | Rows loaded: 10,000  |  Columns: ['date', 'open', 'high', 'low', 'close', 'volume']
2026-06-03T18:44:39 | INFO     | Computing rolling mean (window=5) ...
2026-06-03T18:44:39 | INFO     | Rolling mean computation complete.
2026-06-03T18:44:39 | INFO     | Generating binary signals ...
2026-06-03T18:44:39 | INFO     | Signal generation complete — rows=10,000, signal_rate=0.5140
2026-06-03T18:44:39 | INFO     | Metrics written to 'metrics.json'
2026-06-03T18:44:39 | INFO     | Summary — rows=10,000, signal_rate=0.5140, latency_ms=20
2026-06-03T18:44:39 | INFO     | Job completed successfully.
2026-06-03T18:44:39 | INFO     | ============================================================